2025-05-22 17:03:20 startup archives unpack
2025-05-22 17:03:20 upgrade gcc-12-base:amd64 12.2.0-14 12.2.0-14+deb12u1
2025-05-22 17:03:20 status half-configured gcc-12-base:amd64 12.2.0-14
2025-05-22 17:03:20 status unpacked gcc-12-base:amd64 12.2.0-14
2025-05-22 17:03:20 status half-installed gcc-12-base:amd64 12.2.0-14
2025-05-22 17:03:20 status unpacked gcc-12-base:amd64 12.2.0-14+deb12u1
2025-05-22 17:03:20 startup packages configure
2025-05-22 17:03:20 configure gcc-12-base:amd64 12.2.0-14+deb12u1 <none>
2025-05-22 17:03:20 status unpacked gcc-12-base:amd64 12.2.0-14+deb12u1
2025-05-22 17:03:20 status half-configured gcc-12-base:amd64 12.2.0-14+deb12u1
2025-05-22 17:03:20 status installed gcc-12-base:amd64 12.2.0-14+deb12u1
2025-05-22 17:03:20 startup archives unpack
2025-05-22 17:03:21 upgrade libstdc++6:amd64 12.2.0-14 12.2.0-14+deb12u1
2025-05-22 17:03:21 status triggers-pending libc-bin:amd64 2.36-9+deb12u10
2025-05-22 17:03:21 status half-configured libstdc++6:amd64 12.2.0-14
2025-05-22 17:03:21 status unpacked libstdc++6:amd64 12.2.0-14
2025-05-22 17:03:21 status half-installed libstdc++6:amd64 12.2.0-14
2025-05-22 17:03:21 status unpacked libstdc++6:amd64 12.2.0-14+deb12u1
2025-05-22 17:03:21 startup packages configure
2025-05-22 17:03:21 configure libstdc++6:amd64 12.2.0-14+deb12u1 <none>
2025-05-22 17:03:21 status unpacked libstdc++6:amd64 12.2.0-14+deb12u1
2025-05-22 17:03:21 status half-configured libstdc++6:amd64 12.2.0-14+deb12u1
2025-05-22 17:03:21 status installed libstdc++6:amd64 12.2.0-14+deb12u1
2025-05-22 17:03:21 startup archives unpack
2025-05-22 17:03:21 upgrade libgcc-s1:amd64 12.2.0-14 12.2.0-14+deb12u1
2025-05-22 17:03:21 status half-configured libgcc-s1:amd64 12.2.0-14
2025-05-22 17:03:21 status unpacked libgcc-s1:amd64 12.2.0-14
2025-05-22 17:03:21 status half-installed libgcc-s1:amd64 12.2.0-14
2025-05-22 17:03:21 status unpacked libgcc-s1:amd64 12.2.0-14+deb12u1
2025-05-22 17:03:21 startup packages configure
2025-05-22 17:03:21 configure libgcc-s1:amd64 12.2.0-14+deb12u1 <none>
2025-05-22 17:03:21 status unpacked libgcc-s1:amd64 12.2.0-14+deb12u1
2025-05-22 17:03:21 status half-configured libgcc-s1:amd64 12.2.0-14+deb12u1
2025-05-22 17:03:21 status installed libgcc-s1:amd64 12.2.0-14+deb12u1
2025-05-22 17:03:21 startup archives unpack
2025-05-22 17:03:21 install krb5-locales:all <none> 1.20.1-2+deb12u3
2025-05-22 17:03:21 status half-installed krb5-locales:all 1.20.1-2+deb12u3
2025-05-22 17:03:21 status unpacked krb5-locales:all 1.20.1-2+deb12u3
2025-05-22 17:03:21 install manpages:all <none> 6.03-2
2025-05-22 17:03:21 status half-installed manpages:all 6.03-2
2025-05-22 17:03:21 status unpacked manpages:all 6.03-2
2025-05-22 17:03:21 install fonts-dejavu-core:all <none> 2.37-6
2025-05-22 17:03:21 status half-installed fonts-dejavu-core:all 2.37-6
2025-05-22 17:03:21 status unpacked fonts-dejavu-core:all 2.37-6
2025-05-22 17:03:21 install fontconfig-config:amd64 <none> 2.14.1-4
2025-05-22 17:03:21 status half-installed fontconfig-config:amd64 2.14.1-4
2025-05-22 17:03:21 status unpacked fontconfig-config:amd64 2.14.1-4
2025-05-22 17:03:21 install libabsl20220623:amd64 <none> 20220623.1-1+deb12u2
2025-05-22 17:03:21 status half-installed libabsl20220623:amd64 20220623.1-1+deb12u2
2025-05-22 17:03:21 status unpacked libabsl20220623:amd64 20220623.1-1+deb12u2
2025-05-22 17:03:21 install libaom3:amd64 <none> 3.6.0-1+deb12u1
2025-05-22 17:03:21 status half-installed libaom3:amd64 3.6.0-1+deb12u1
2025-05-22 17:03:21 status unpacked libaom3:amd64 3.6.0-1+deb12u1
2025-05-22 17:03:21 install libasan8:amd64 <none> 12.2.0-14+deb12u1
2025-05-22 17:03:21 status half-installed libasan8:amd64 12.2.0-14+deb12u1
2025-05-22 17:03:22 status unpacked libasan8:amd64 12.2.0-14+deb12u1
2025-05-22 17:03:22 install libatomic1:amd64 <none> 12.2.0-14+deb12u1
2025-05-22 17:03:22 status half-installed libatomic1:amd64 12.2.0-14+deb12u1
2025-05-22 17:03:22 status unpacked libatomic1:amd64 12.2.0-14+deb12u1
2025-05-22 17:03:22 install libdav1d6:amd64 <none> 1.0.0-2+deb12u1
2025-05-22 17:03:22 status half-installed libdav1d6:amd64 1.0.0-2+deb12u1
2025-05-22 17:03:22 status unpacked libdav1d6:amd64 1.0.0-2+deb12u1
2025-05-22 17:03:22 install libgav1-1:amd64 <none> 0.18.0-1+b1
2025-05-22 17:03:22 status half-installed libgav1-1:amd64 0.18.0-1+b1
2025-05-22 17:03:22 status unpacked libgav1-1:amd64 0.18.0-1+b1
2025-05-22 17:03:22 install librav1e0:amd64 <none> 0.5.1-6
2025-05-22 17:03:22 status half-installed librav1e0:amd64 0.5.1-6
2025-05-22 17:03:22 status unpacked librav1e0:amd64 0.5.1-6
2025-05-22 17:03:22 install libsvtav1enc1:amd64 <none> 1.4.1+dfsg-1
2025-05-22 17:03:22 status half-installed libsvtav1enc1:amd64 1.4.1+dfsg-1
2025-05-22 17:03:22 status unpacked libsvtav1enc1:amd64 1.4.1+dfsg-1
2025-05-22 17:03:22 install libjpeg62-turbo:amd64 <none> 1:2.1.5-2
2025-05-22 17:03:22 status half-installed libjpeg62-turbo:amd64 1:2.1.5-2
2025-05-22 17:03:22 status unpacked libjpeg62-turbo:amd64 1:2.1.5-2
2025-05-22 17:03:22 install libyuv0:amd64 <none> 0.0~git20230123.b2528b0-1
2025-05-22 17:03:22 status half-installed libyuv0:amd64 0.0~git20230123.b2528b0-1
2025-05-22 17:03:22 status unpacked libyuv0:amd64 0.0~git20230123.b2528b0-1
2025-05-22 17:03:22 install libavif15:amd64 <none> 0.11.1-1
2025-05-22 17:03:22 status half-installed libavif15:amd64 0.11.1-1
2025-05-22 17:03:22 status unpacked libavif15:amd64 0.11.1-1
2025-05-22 17:03:22 install libbrotli1:amd64 <none> 1.0.9-2+b6
2025-05-22 17:03:22 status half-installed libbrotli1:amd64 1.0.9-2+b6
2025-05-22 17:03:22 status unpacked libbrotli1:amd64 1.0.9-2+b6
2025-05-22 17:03:22 install libbsd0:amd64 <none> 0.11.7-2
2025-05-22 17:03:22 status half-installed libbsd0:amd64 0.11.7-2
2025-05-22 17:03:22 status unpacked libbsd0:amd64 0.11.7-2
2025-05-22 17:03:23 install libunwind-14:amd64 <none> 1:14.0.6-12
2025-05-22 17:03:23 status half-installed libunwind-14:amd64 1:14.0.6-12
2025-05-22 17:03:23 status unpacked libunwind-14:amd64 1:14.0.6-12
2025-05-22 17:03:23 install libc++abi1-14:amd64 <none> 1:14.0.6-12
2025-05-22 17:03:23 status half-installed libc++abi1-14:amd64 1:14.0.6-12
2025-05-22 17:03:23 status unpacked libc++abi1-14:amd64 1:14.0.6-12
2025-05-22 17:03:23 install libc++1-14:amd64 <none> 1:14.0.6-12
2025-05-22 17:03:23 status half-installed libc++1-14:amd64 1:14.0.6-12
2025-05-22 17:03:23 status unpacked libc++1-14:amd64 1:14.0.6-12
2025-05-22 17:03:23 install libunwind-14-dev:amd64 <none> 1:14.0.6-12
2025-05-22 17:03:23 status half-installed libunwind-14-dev:amd64 1:14.0.6-12
2025-05-22 17:03:23 status unpacked libunwind-14-dev:amd64 1:14.0.6-12
2025-05-22 17:03:23 install libc++-14-dev:amd64 <none> 1:14.0.6-12
2025-05-22 17:03:23 status half-installed libc++-14-dev:amd64 1:14.0.6-12
2025-05-22 17:03:23 status unpacked libc++-14-dev:amd64 1:14.0.6-12
2025-05-22 17:03:23 install libc++-dev:amd64 <none> 1:14.0-55.7~deb12u1
2025-05-22 17:03:23 status half-installed libc++-dev:amd64 1:14.0-55.7~deb12u1
2025-05-22 17:03:23 status unpacked libc++-dev:amd64 1:14.0-55.7~deb12u1
2025-05-22 17:03:23 install libc++abi-14-dev:amd64 <none> 1:14.0.6-12
2025-05-22 17:03:23 status half-installed libc++abi-14-dev:amd64 1:14.0.6-12
2025-05-22 17:03:23 status unpacked libc++abi-14-dev:amd64 1:14.0.6-12
2025-05-22 17:03:23 install libc++abi-dev:amd64 <none> 1:14.0-55.7~deb12u1
2025-05-22 17:03:23 status half-installed libc++abi-dev:amd64 1:14.0-55.7~deb12u1
2025-05-22 17:03:23 status unpacked libc++abi-dev:amd64 1:14.0-55.7~deb12u1
2025-05-22 17:03:23 install libc-dev-bin:amd64 <none> 2.36-9+deb12u10
2025-05-22 17:03:23 status half-installed libc-dev-bin:amd64 2.36-9+deb12u10
2025-05-22 17:03:23 status unpacked libc-dev-bin:amd64 2.36-9+deb12u10
2025-05-22 17:03:23 install libexpat1:amd64 <none> 2.5.0-1+deb12u1
2025-05-22 17:03:23 status half-installed libexpat1:amd64 2.5.0-1+deb12u1
2025-05-22 17:03:23 status unpacked libexpat1:amd64 2.5.0-1+deb12u1
2025-05-22 17:03:23 install libpng16-16:amd64 <none> 1.6.39-2
2025-05-22 17:03:23 status half-installed libpng16-16:amd64 1.6.39-2
2025-05-22 17:03:23 status unpacked libpng16-16:amd64 1.6.39-2
2025-05-22 17:03:23 install libfreetype6:amd64 <none> 2.12.1+dfsg-5+deb12u4
2025-05-22 17:03:23 status half-installed libfreetype6:amd64 2.12.1+dfsg-5+deb12u4
2025-05-22 17:03:23 status unpacked libfreetype6:amd64 2.12.1+dfsg-5+deb12u4
2025-05-22 17:03:23 install libfontconfig1:amd64 <none> 2.14.1-4
2025-05-22 17:03:23 status half-installed libfontconfig1:amd64 2.14.1-4
2025-05-22 17:03:23 status unpacked libfontconfig1:amd64 2.14.1-4
2025-05-22 17:03:23 install libde265-0:amd64 <none> 1.0.11-1+deb12u2
2025-05-22 17:03:23 status half-installed libde265-0:amd64 1.0.11-1+deb12u2
2025-05-22 17:03:23 status unpacked libde265-0:amd64 1.0.11-1+deb12u2
2025-05-22 17:03:23 install libnuma1:amd64 <none> 2.0.16-1
2025-05-22 17:03:23 status half-installed libnuma1:amd64 2.0.16-1
2025-05-22 17:03:23 status unpacked libnuma1:amd64 2.0.16-1
2025-05-22 17:03:23 install libx265-199:amd64 <none> 3.5-2+b1
2025-05-22 17:03:23 status half-installed libx265-199:amd64 3.5-2+b1
2025-05-22 17:03:24 status unpacked libx265-199:amd64 3.5-2+b1
2025-05-22 17:03:24 install libheif1:amd64 <none> 1.15.1-1+deb12u1
2025-05-22 17:03:24 status half-installed libheif1:amd64 1.15.1-1+deb12u1
2025-05-22 17:03:24 status unpacked libheif1:amd64 1.15.1-1+deb12u1
2025-05-22 17:03:24 install libdeflate0:amd64 <none> 1.14-1
2025-05-22 17:03:24 status half-installed libdeflate0:amd64 1.14-1
2025-05-22 17:03:24 status unpacked libdeflate0:amd64 1.14-1
2025-05-22 17:03:24 install libjbig0:amd64 <none> 2.1-6.1
2025-05-22 17:03:24 status half-installed libjbig0:amd64 2.1-6.1
2025-05-22 17:03:24 status unpacked libjbig0:amd64 2.1-6.1
2025-05-22 17:03:24 install liblerc4:amd64 <none> 4.0.0+ds-2
2025-05-22 17:03:24 status half-installed liblerc4:amd64 4.0.0+ds-2
2025-05-22 17:03:24 status unpacked liblerc4:amd64 4.0.0+ds-2
2025-05-22 17:03:24 install libwebp7:amd64 <none> 1.2.4-0.2+deb12u1
2025-05-22 17:03:24 status half-installed libwebp7:amd64 1.2.4-0.2+deb12u1
2025-05-22 17:03:24 status unpacked libwebp7:amd64 1.2.4-0.2+deb12u1
2025-05-22 17:03:24 install libtiff6:amd64 <none> 4.5.0-6+deb12u2
2025-05-22 17:03:24 status half-installed libtiff6:amd64 4.5.0-6+deb12u2
2025-05-22 17:03:24 status unpacked libtiff6:amd64 4.5.0-6+deb12u2
2025-05-22 17:03:24 install libxau6:amd64 <none> 1:1.0.9-1
2025-05-22 17:03:24 status half-installed libxau6:amd64 1:1.0.9-1
2025-05-22 17:03:24 status unpacked libxau6:amd64 1:1.0.9-1
2025-05-22 17:03:24 install libxdmcp6:amd64 <none> 1:1.1.2-3
2025-05-22 17:03:24 status half-installed libxdmcp6:amd64 1:1.1.2-3
2025-05-22 17:03:24 status unpacked libxdmcp6:amd64 1:1.1.2-3
2025-05-22 17:03:24 install libxcb1:amd64 <none> 1.15-1
2025-05-22 17:03:24 status half-installed libxcb1:amd64 1.15-1
2025-05-22 17:03:24 status unpacked libxcb1:amd64 1.15-1
2025-05-22 17:03:24 install libx11-data:all <none> 2:1.8.4-2+deb12u2
2025-05-22 17:03:24 status half-installed libx11-data:all 2:1.8.4-2+deb12u2
2025-05-22 17:03:24 status unpacked libx11-data:all 2:1.8.4-2+deb12u2
2025-05-22 17:03:24 install libx11-6:amd64 <none> 2:1.8.4-2+deb12u2
2025-05-22 17:03:24 status half-installed libx11-6:amd64 2:1.8.4-2+deb12u2
2025-05-22 17:03:24 status unpacked libx11-6:amd64 2:1.8.4-2+deb12u2
2025-05-22 17:03:24 install libxpm4:amd64 <none> 1:3.5.12-1.1+deb12u1
2025-05-22 17:03:24 status half-installed libxpm4:amd64 1:3.5.12-1.1+deb12u1
2025-05-22 17:03:24 status unpacked libxpm4:amd64 1:3.5.12-1.1+deb12u1
2025-05-22 17:03:24 install libgd3:amd64 <none> 2.3.3-9
2025-05-22 17:03:24 status half-installed libgd3:amd64 2.3.3-9
2025-05-22 17:03:24 status unpacked libgd3:amd64 2.3.3-9
2025-05-22 17:03:24 install libc-devtools:amd64 <none> 2.36-9+deb12u10
2025-05-22 17:03:24 status half-installed libc-devtools:amd64 2.36-9+deb12u10
2025-05-22 17:03:24 status unpacked libc-devtools:amd64 2.36-9+deb12u10
2025-05-22 17:03:24 install linux-libc-dev:amd64 <none> 6.1.137-1
2025-05-22 17:03:24 status half-installed linux-libc-dev:amd64 6.1.137-1
2025-05-22 17:03:24 status unpacked linux-libc-dev:amd64 6.1.137-1
2025-05-22 17:03:24 install libcrypt-dev:amd64 <none> 1:4.4.33-2
2025-05-22 17:03:24 status half-installed libcrypt-dev:amd64 1:4.4.33-2
2025-05-22 17:03:24 status unpacked libcrypt-dev:amd64 1:4.4.33-2
2025-05-22 17:03:24 install libkrb5support0:amd64 <none> 1.20.1-2+deb12u3
2025-05-22 17:03:24 status half-installed libkrb5support0:amd64 1.20.1-2+deb12u3
2025-05-22 17:03:24 status unpacked libkrb5support0:amd64 1.20.1-2+deb12u3
2025-05-22 17:03:25 install libk5crypto3:amd64 <none> 1.20.1-2+deb12u3
2025-05-22 17:03:25 status half-installed libk5crypto3:amd64 1.20.1-2+deb12u3
2025-05-22 17:03:25 status unpacked libk5crypto3:amd64 1.20.1-2+deb12u3
2025-05-22 17:03:25 install libkeyutils1:amd64 <none> 1.6.3-2
2025-05-22 17:03:25 status half-installed libkeyutils1:amd64 1.6.3-2
2025-05-22 17:03:25 status unpacked libkeyutils1:amd64 1.6.3-2
2025-05-22 17:03:25 install libssl3:amd64 <none> 3.0.16-1~deb12u1
2025-05-22 17:03:25 status half-installed libssl3:amd64 3.0.16-1~deb12u1
2025-05-22 17:03:25 status unpacked libssl3:amd64 3.0.16-1~deb12u1
2025-05-22 17:03:25 install libkrb5-3:amd64 <none> 1.20.1-2+deb12u3
2025-05-22 17:03:25 status half-installed libkrb5-3:amd64 1.20.1-2+deb12u3
2025-05-22 17:03:25 status unpacked libkrb5-3:amd64 1.20.1-2+deb12u3
2025-05-22 17:03:25 install libgssapi-krb5-2:amd64 <none> 1.20.1-2+deb12u3
2025-05-22 17:03:25 status half-installed libgssapi-krb5-2:amd64 1.20.1-2+deb12u3
2025-05-22 17:03:25 status unpacked libgssapi-krb5-2:amd64 1.20.1-2+deb12u3
2025-05-22 17:03:25 install libtirpc-common:all <none> 1.3.3+ds-1
2025-05-22 17:03:25 status half-installed libtirpc-common:all 1.3.3+ds-1
2025-05-22 17:03:25 status unpacked libtirpc-common:all 1.3.3+ds-1
2025-05-22 17:03:25 install libtirpc3:amd64 <none> 1.3.3+ds-1
2025-05-22 17:03:25 status half-installed libtirpc3:amd64 1.3.3+ds-1
2025-05-22 17:03:25 status unpacked libtirpc3:amd64 1.3.3+ds-1
2025-05-22 17:03:25 install libnsl2:amd64 <none> 1.3.0-2
2025-05-22 17:03:25 status half-installed libnsl2:amd64 1.3.0-2
2025-05-22 17:03:25 status unpacked libnsl2:amd64 1.3.0-2
2025-05-22 17:03:25 install libtirpc-dev:amd64 <none> 1.3.3+ds-1
2025-05-22 17:03:25 status half-installed libtirpc-dev:amd64 1.3.3+ds-1
2025-05-22 17:03:25 status unpacked libtirpc-dev:amd64 1.3.3+ds-1
2025-05-22 17:03:25 install libnsl-dev:amd64 <none> 1.3.0-2
2025-05-22 17:03:25 status half-installed libnsl-dev:amd64 1.3.0-2
2025-05-22 17:03:25 status unpacked libnsl-dev:amd64 1.3.0-2
2025-05-22 17:03:25 install rpcsvc-proto:amd64 <none> 1.4.3-1
2025-05-22 17:03:25 status half-installed rpcsvc-proto:amd64 1.4.3-1
2025-05-22 17:03:25 status unpacked rpcsvc-proto:amd64 1.4.3-1
2025-05-22 17:03:25 install libc6-dev:amd64 <none> 2.36-9+deb12u10
2025-05-22 17:03:25 status half-installed libc6-dev:amd64 2.36-9+deb12u10
2025-05-22 17:03:25 status unpacked libc6-dev:amd64 2.36-9+deb12u10
2025-05-22 17:03:25 install libffi-dev:amd64 <none> 3.4.4-1
2025-05-22 17:03:25 status half-installed libffi-dev:amd64 3.4.4-1
2025-05-22 17:03:25 status unpacked libffi-dev:amd64 3.4.4-1
2025-05-22 17:03:25 install libgomp1:amd64 <none> 12.2.0-14+deb12u1
2025-05-22 17:03:25 status half-installed libgomp1:amd64 12.2.0-14+deb12u1
2025-05-22 17:03:25 status unpacked libgomp1:amd64 12.2.0-14+deb12u1
2025-05-22 17:03:25 install libitm1:amd64 <none> 12.2.0-14+deb12u1
2025-05-22 17:03:25 status half-installed libitm1:amd64 12.2.0-14+deb12u1
2025-05-22 17:03:25 status unpacked libitm1:amd64 12.2.0-14+deb12u1
2025-05-22 17:03:25 install liblsan0:amd64 <none> 12.2.0-14+deb12u1
2025-05-22 17:03:25 status half-installed liblsan0:amd64 12.2.0-14+deb12u1
2025-05-22 17:03:26 status unpacked liblsan0:amd64 12.2.0-14+deb12u1
2025-05-22 17:03:26 install libtsan2:amd64 <none> 12.2.0-14+deb12u1
2025-05-22 17:03:26 status half-installed libtsan2:amd64 12.2.0-14+deb12u1
2025-05-22 17:03:26 status unpacked libtsan2:amd64 12.2.0-14+deb12u1
2025-05-22 17:03:26 install libubsan1:amd64 <none> 12.2.0-14+deb12u1
2025-05-22 17:03:26 status half-installed libubsan1:amd64 12.2.0-14+deb12u1
2025-05-22 17:03:26 status unpacked libubsan1:amd64 12.2.0-14+deb12u1
2025-05-22 17:03:26 install libquadmath0:amd64 <none> 12.2.0-14+deb12u1
2025-05-22 17:03:26 status half-installed libquadmath0:amd64 12.2.0-14+deb12u1
2025-05-22 17:03:26 status unpacked libquadmath0:amd64 12.2.0-14+deb12u1
2025-05-22 17:03:26 install libgcc-12-dev:amd64 <none> 12.2.0-14+deb12u1
2025-05-22 17:03:26 status half-installed libgcc-12-dev:amd64 12.2.0-14+deb12u1
2025-05-22 17:03:26 status unpacked libgcc-12-dev:amd64 12.2.0-14+deb12u1
2025-05-22 17:03:26 install libicu72:amd64 <none> 72.1-3
2025-05-22 17:03:26 status half-installed libicu72:amd64 72.1-3
2025-05-22 17:03:27 status unpacked libicu72:amd64 72.1-3
2025-05-22 17:03:27 install libstdc++-12-dev:amd64 <none> 12.2.0-14+deb12u1
2025-05-22 17:03:27 status half-installed libstdc++-12-dev:amd64 12.2.0-14+deb12u1
2025-05-22 17:03:27 status unpacked libstdc++-12-dev:amd64 12.2.0-14+deb12u1
2025-05-22 17:03:27 install libxml2:amd64 <none> 2.9.14+dfsg-1.3~deb12u1
2025-05-22 17:03:27 status half-installed libxml2:amd64 2.9.14+dfsg-1.3~deb12u1
2025-05-22 17:03:27 status unpacked libxml2:amd64 2.9.14+dfsg-1.3~deb12u1
2025-05-22 17:03:27 install libwayland-bin:amd64 <none> 1.21.0-1
2025-05-22 17:03:27 status half-installed libwayland-bin:amd64 1.21.0-1
2025-05-22 17:03:27 status unpacked libwayland-bin:amd64 1.21.0-1
2025-05-22 17:03:27 install libwayland-client0:amd64 <none> 1.21.0-1
2025-05-22 17:03:27 status half-installed libwayland-client0:amd64 1.21.0-1
2025-05-22 17:03:27 status unpacked libwayland-client0:amd64 1.21.0-1
2025-05-22 17:03:27 install libwayland-cursor0:amd64 <none> 1.21.0-1
2025-05-22 17:03:27 status half-installed libwayland-cursor0:amd64 1.21.0-1
2025-05-22 17:03:27 status unpacked libwayland-cursor0:amd64 1.21.0-1
2025-05-22 17:03:27 install libwayland-server0:amd64 <none> 1.21.0-1
2025-05-22 17:03:27 status half-installed libwayland-server0:amd64 1.21.0-1
2025-05-22 17:03:27 status unpacked libwayland-server0:amd64 1.21.0-1
2025-05-22 17:03:27 install libwayland-egl1:amd64 <none> 1.21.0-1
2025-05-22 17:03:27 status half-installed libwayland-egl1:amd64 1.21.0-1
2025-05-22 17:03:27 status unpacked libwayland-egl1:amd64 1.21.0-1
2025-05-22 17:03:27 install libwayland-dev:amd64 <none> 1.21.0-1
2025-05-22 17:03:27 status half-installed libwayland-dev:amd64 1.21.0-1
2025-05-22 17:03:27 status unpacked libwayland-dev:amd64 1.21.0-1
2025-05-22 17:03:27 install manpages-dev:all <none> 6.03-2
2025-05-22 17:03:27 status half-installed manpages-dev:all 6.03-2
2025-05-22 17:03:27 status unpacked manpages-dev:all 6.03-2
2025-05-22 17:03:28 startup packages configure
2025-05-22 17:03:28 configure libexpat1:amd64 2.5.0-1+deb12u1 <none>
2025-05-22 17:03:28 status unpacked libexpat1:amd64 2.5.0-1+deb12u1
2025-05-22 17:03:28 status half-configured libexpat1:amd64 2.5.0-1+deb12u1
2025-05-22 17:03:28 status installed libexpat1:amd64 2.5.0-1+deb12u1
2025-05-22 17:03:28 configure libwayland-server0:amd64 1.21.0-1 <none>
2025-05-22 17:03:28 status unpacked libwayland-server0:amd64 1.21.0-1
2025-05-22 17:03:28 status half-configured libwayland-server0:amd64 1.21.0-1
2025-05-22 17:03:28 status installed libwayland-server0:amd64 1.21.0-1
2025-05-22 17:03:28 configure libaom3:amd64 3.6.0-1+deb12u1 <none>
2025-05-22 17:03:28 status unpacked libaom3:amd64 3.6.0-1+deb12u1
2025-05-22 17:03:28 status half-configured libaom3:amd64 3.6.0-1+deb12u1
2025-05-22 17:03:28 status installed libaom3:amd64 3.6.0-1+deb12u1
2025-05-22 17:03:28 configure libabsl20220623:amd64 20220623.1-1+deb12u2 <none>
2025-05-22 17:03:28 status unpacked libabsl20220623:amd64 20220623.1-1+deb12u2
2025-05-22 17:03:28 status half-configured libabsl20220623:amd64 20220623.1-1+deb12u2
2025-05-22 17:03:28 status installed libabsl20220623:amd64 20220623.1-1+deb12u2
2025-05-22 17:03:28 configure libxau6:amd64 1:1.0.9-1 <none>
2025-05-22 17:03:28 status unpacked libxau6:amd64 1:1.0.9-1
2025-05-22 17:03:28 status half-configured libxau6:amd64 1:1.0.9-1
2025-05-22 17:03:28 status installed libxau6:amd64 1:1.0.9-1
2025-05-22 17:03:28 configure libkeyutils1:amd64 1.6.3-2 <none>
2025-05-22 17:03:28 status unpacked libkeyutils1:amd64 1.6.3-2
2025-05-22 17:03:28 status half-configured libkeyutils1:amd64 1.6.3-2
2025-05-22 17:03:28 status installed libkeyutils1:amd64 1.6.3-2
2025-05-22 17:03:28 configure libicu72:amd64 72.1-3 <none>
2025-05-22 17:03:28 status unpacked libicu72:amd64 72.1-3
2025-05-22 17:03:28 status half-configured libicu72:amd64 72.1-3
2025-05-22 17:03:28 status installed libicu72:amd64 72.1-3
2025-05-22 17:03:28 configure liblerc4:amd64 4.0.0+ds-2 <none>
2025-05-22 17:03:28 status unpacked liblerc4:amd64 4.0.0+ds-2
2025-05-22 17:03:28 status half-configured liblerc4:amd64 4.0.0+ds-2
2025-05-22 17:03:28 status installed liblerc4:amd64 4.0.0+ds-2
2025-05-22 17:03:28 configure manpages:all 6.03-2 <none>
2025-05-22 17:03:28 status unpacked manpages:all 6.03-2
2025-05-22 17:03:28 status half-configured manpages:all 6.03-2
2025-05-22 17:03:28 status installed manpages:all 6.03-2
2025-05-22 17:03:28 configure libtirpc-common:all 1.3.3+ds-1 <none>
2025-05-22 17:03:28 status unpacked libtirpc-common:all 1.3.3+ds-1
2025-05-22 17:03:28 status half-configured libtirpc-common:all 1.3.3+ds-1
2025-05-22 17:03:28 status installed libtirpc-common:all 1.3.3+ds-1
2025-05-22 17:03:28 configure libbrotli1:amd64 1.0.9-2+b6 <none>
2025-05-22 17:03:28 status unpacked libbrotli1:amd64 1.0.9-2+b6
2025-05-22 17:03:28 status half-configured libbrotli1:amd64 1.0.9-2+b6
2025-05-22 17:03:28 status installed libbrotli1:amd64 1.0.9-2+b6
2025-05-22 17:03:28 configure libssl3:amd64 3.0.16-1~deb12u1 <none>
2025-05-22 17:03:28 status unpacked libssl3:amd64 3.0.16-1~deb12u1
2025-05-22 17:03:28 status half-configured libssl3:amd64 3.0.16-1~deb12u1
2025-05-22 17:03:28 status installed libssl3:amd64 3.0.16-1~deb12u1
2025-05-22 17:03:28 configure libdeflate0:amd64 1.14-1 <none>
2025-05-22 17:03:28 status unpacked libdeflate0:amd64 1.14-1
2025-05-22 17:03:28 status half-configured libdeflate0:amd64 1.14-1
2025-05-22 17:03:28 status installed libdeflate0:amd64 1.14-1
2025-05-22 17:03:28 configure linux-libc-dev:amd64 6.1.137-1 <none>
2025-05-22 17:03:28 status unpacked linux-libc-dev:amd64 6.1.137-1
2025-05-22 17:03:28 status half-configured linux-libc-dev:amd64 6.1.137-1
2025-05-22 17:03:28 status installed linux-libc-dev:amd64 6.1.137-1
2025-05-22 17:03:28 configure krb5-locales:all 1.20.1-2+deb12u3 <none>
2025-05-22 17:03:28 status unpacked krb5-locales:all 1.20.1-2+deb12u3
2025-05-22 17:03:28 status half-configured krb5-locales:all 1.20.1-2+deb12u3
2025-05-22 17:03:28 status installed krb5-locales:all 1.20.1-2+deb12u3
2025-05-22 17:03:28 configure libsvtav1enc1:amd64 1.4.1+dfsg-1 <none>
2025-05-22 17:03:28 status unpacked libsvtav1enc1:amd64 1.4.1+dfsg-1
2025-05-22 17:03:28 status half-configured libsvtav1enc1:amd64 1.4.1+dfsg-1
2025-05-22 17:03:28 status installed libsvtav1enc1:amd64 1.4.1+dfsg-1
2025-05-22 17:03:28 configure libgomp1:amd64 12.2.0-14+deb12u1 <none>
2025-05-22 17:03:28 status unpacked libgomp1:amd64 12.2.0-14+deb12u1
2025-05-22 17:03:28 status half-configured libgomp1:amd64 12.2.0-14+deb12u1
2025-05-22 17:03:28 status installed libgomp1:amd64 12.2.0-14+deb12u1
2025-05-22 17:03:28 configure libffi-dev:amd64 3.4.4-1 <none>
2025-05-22 17:03:28 status unpacked libffi-dev:amd64 3.4.4-1
2025-05-22 17:03:28 status half-configured libffi-dev:amd64 3.4.4-1
2025-05-22 17:03:28 status installed libffi-dev:amd64 3.4.4-1
2025-05-22 17:03:28 configure libjbig0:amd64 2.1-6.1 <none>
2025-05-22 17:03:28 status unpacked libjbig0:amd64 2.1-6.1
2025-05-22 17:03:28 status half-configured libjbig0:amd64 2.1-6.1
2025-05-22 17:03:28 status installed libjbig0:amd64 2.1-6.1
2025-05-22 17:03:28 configure librav1e0:amd64 0.5.1-6 <none>
2025-05-22 17:03:28 status unpacked librav1e0:amd64 0.5.1-6
2025-05-22 17:03:28 status half-configured librav1e0:amd64 0.5.1-6
2025-05-22 17:03:28 status installed librav1e0:amd64 0.5.1-6
2025-05-22 17:03:28 configure libkrb5support0:amd64 1.20.1-2+deb12u3 <none>
2025-05-22 17:03:28 status unpacked libkrb5support0:amd64 1.20.1-2+deb12u3
2025-05-22 17:03:28 status half-configured libkrb5support0:amd64 1.20.1-2+deb12u3
2025-05-22 17:03:28 status installed libkrb5support0:amd64 1.20.1-2+deb12u3
2025-05-22 17:03:28 configure libunwind-14:amd64 1:14.0.6-12 <none>
2025-05-22 17:03:28 status unpacked libunwind-14:amd64 1:14.0.6-12
2025-05-22 17:03:28 status half-configured libunwind-14:amd64 1:14.0.6-12
2025-05-22 17:03:28 status installed libunwind-14:amd64 1:14.0.6-12
2025-05-22 17:03:28 configure libunwind-14-dev:amd64 1:14.0.6-12 <none>
2025-05-22 17:03:28 status unpacked libunwind-14-dev:amd64 1:14.0.6-12
2025-05-22 17:03:28 status half-configured libunwind-14-dev:amd64 1:14.0.6-12
2025-05-22 17:03:28 status installed libunwind-14-dev:amd64 1:14.0.6-12
2025-05-22 17:03:28 configure libc++abi1-14:amd64 1:14.0.6-12 <none>
2025-05-22 17:03:28 status unpacked libc++abi1-14:amd64 1:14.0.6-12
2025-05-22 17:03:28 status half-configured libc++abi1-14:amd64 1:14.0.6-12
2025-05-22 17:03:28 status installed libc++abi1-14:amd64 1:14.0.6-12
2025-05-22 17:03:28 configure rpcsvc-proto:amd64 1.4.3-1 <none>
2025-05-22 17:03:28 status unpacked rpcsvc-proto:amd64 1.4.3-1
2025-05-22 17:03:28 status half-configured rpcsvc-proto:amd64 1.4.3-1
2025-05-22 17:03:28 status installed rpcsvc-proto:amd64 1.4.3-1
2025-05-22 17:03:28 configure libjpeg62-turbo:amd64 1:2.1.5-2 <none>
2025-05-22 17:03:28 status unpacked libjpeg62-turbo:amd64 1:2.1.5-2
2025-05-22 17:03:28 status half-configured libjpeg62-turbo:amd64 1:2.1.5-2
2025-05-22 17:03:28 status installed libjpeg62-turbo:amd64 1:2.1.5-2
2025-05-22 17:03:28 configure libx11-data:all 2:1.8.4-2+deb12u2 <none>
2025-05-22 17:03:28 status unpacked libx11-data:all 2:1.8.4-2+deb12u2
2025-05-22 17:03:28 status half-configured libx11-data:all 2:1.8.4-2+deb12u2
2025-05-22 17:03:28 status installed libx11-data:all 2:1.8.4-2+deb12u2
2025-05-22 17:03:28 configure libquadmath0:amd64 12.2.0-14+deb12u1 <none>
2025-05-22 17:03:28 status unpacked libquadmath0:amd64 12.2.0-14+deb12u1
2025-05-22 17:03:28 status half-configured libquadmath0:amd64 12.2.0-14+deb12u1
2025-05-22 17:03:28 status installed libquadmath0:amd64 12.2.0-14+deb12u1
2025-05-22 17:03:28 configure libpng16-16:amd64 1.6.39-2 <none>
2025-05-22 17:03:28 status unpacked libpng16-16:amd64 1.6.39-2
2025-05-22 17:03:28 status half-configured libpng16-16:amd64 1.6.39-2
2025-05-22 17:03:28 status installed libpng16-16:amd64 1.6.39-2
2025-05-22 17:03:28 configure libatomic1:amd64 12.2.0-14+deb12u1 <none>
2025-05-22 17:03:28 status unpacked libatomic1:amd64 12.2.0-14+deb12u1
2025-05-22 17:03:28 status half-configured libatomic1:amd64 12.2.0-14+deb12u1
2025-05-22 17:03:28 status installed libatomic1:amd64 12.2.0-14+deb12u1
2025-05-22 17:03:28 configure fonts-dejavu-core:all 2.37-6 <none>
2025-05-22 17:03:28 status unpacked fonts-dejavu-core:all 2.37-6
2025-05-22 17:03:28 status half-configured fonts-dejavu-core:all 2.37-6
2025-05-22 17:03:28 status installed fonts-dejavu-core:all 2.37-6
2025-05-22 17:03:28 configure libgav1-1:amd64 0.18.0-1+b1 <none>
2025-05-22 17:03:28 status unpacked libgav1-1:amd64 0.18.0-1+b1
2025-05-22 17:03:28 status half-configured libgav1-1:amd64 0.18.0-1+b1
2025-05-22 17:03:28 status installed libgav1-1:amd64 0.18.0-1+b1
2025-05-22 17:03:28 configure libk5crypto3:amd64 1.20.1-2+deb12u3 <none>
2025-05-22 17:03:28 status unpacked libk5crypto3:amd64 1.20.1-2+deb12u3
2025-05-22 17:03:28 status half-configured libk5crypto3:amd64 1.20.1-2+deb12u3
2025-05-22 17:03:28 status installed libk5crypto3:amd64 1.20.1-2+deb12u3
2025-05-22 17:03:28 configure libdav1d6:amd64 1.0.0-2+deb12u1 <none>
2025-05-22 17:03:28 status unpacked libdav1d6:amd64 1.0.0-2+deb12u1
2025-05-22 17:03:28 status half-configured libdav1d6:amd64 1.0.0-2+deb12u1
2025-05-22 17:03:28 status installed libdav1d6:amd64 1.0.0-2+deb12u1
2025-05-22 17:03:28 configure libwebp7:amd64 1.2.4-0.2+deb12u1 <none>
2025-05-22 17:03:28 status unpacked libwebp7:amd64 1.2.4-0.2+deb12u1
2025-05-22 17:03:28 status half-configured libwebp7:amd64 1.2.4-0.2+deb12u1
2025-05-22 17:03:28 status installed libwebp7:amd64 1.2.4-0.2+deb12u1
2025-05-22 17:03:28 configure libubsan1:amd64 12.2.0-14+deb12u1 <none>
2025-05-22 17:03:28 status unpacked libubsan1:amd64 12.2.0-14+deb12u1
2025-05-22 17:03:28 status half-configured libubsan1:amd64 12.2.0-14+deb12u1
2025-05-22 17:03:28 status installed libubsan1:amd64 12.2.0-14+deb12u1
2025-05-22 17:03:28 configure libnuma1:amd64 2.0.16-1 <none>
2025-05-22 17:03:28 status unpacked libnuma1:amd64 2.0.16-1
2025-05-22 17:03:28 status half-configured libnuma1:amd64 2.0.16-1
2025-05-22 17:03:28 status installed libnuma1:amd64 2.0.16-1
2025-05-22 17:03:28 configure libcrypt-dev:amd64 1:4.4.33-2 <none>
2025-05-22 17:03:28 status unpacked libcrypt-dev:amd64 1:4.4.33-2
2025-05-22 17:03:28 status half-configured libcrypt-dev:amd64 1:4.4.33-2
2025-05-22 17:03:28 status installed libcrypt-dev:amd64 1:4.4.33-2
2025-05-22 17:03:28 configure libtiff6:amd64 4.5.0-6+deb12u2 <none>
2025-05-22 17:03:28 status unpacked libtiff6:amd64 4.5.0-6+deb12u2
2025-05-22 17:03:28 status half-configured libtiff6:amd64 4.5.0-6+deb12u2
2025-05-22 17:03:28 status installed libtiff6:amd64 4.5.0-6+deb12u2
2025-05-22 17:03:28 configure libasan8:amd64 12.2.0-14+deb12u1 <none>
2025-05-22 17:03:28 status unpacked libasan8:amd64 12.2.0-14+deb12u1
2025-05-22 17:03:28 status half-configured libasan8:amd64 12.2.0-14+deb12u1
2025-05-22 17:03:28 status installed libasan8:amd64 12.2.0-14+deb12u1
2025-05-22 17:03:28 configure libkrb5-3:amd64 1.20.1-2+deb12u3 <none>
2025-05-22 17:03:28 status unpacked libkrb5-3:amd64 1.20.1-2+deb12u3
2025-05-22 17:03:28 status half-configured libkrb5-3:amd64 1.20.1-2+deb12u3
2025-05-22 17:03:28 status installed libkrb5-3:amd64 1.20.1-2+deb12u3
2025-05-22 17:03:28 configure libwayland-egl1:amd64 1.21.0-1 <none>
2025-05-22 17:03:28 status unpacked libwayland-egl1:amd64 1.21.0-1
2025-05-22 17:03:28 status half-configured libwayland-egl1:amd64 1.21.0-1
2025-05-22 17:03:28 status installed libwayland-egl1:amd64 1.21.0-1
2025-05-22 17:03:28 configure libtsan2:amd64 12.2.0-14+deb12u1 <none>
2025-05-22 17:03:28 status unpacked libtsan2:amd64 12.2.0-14+deb12u1
2025-05-22 17:03:28 status half-configured libtsan2:amd64 12.2.0-14+deb12u1
2025-05-22 17:03:28 status installed libtsan2:amd64 12.2.0-14+deb12u1
2025-05-22 17:03:28 configure libde265-0:amd64 1.0.11-1+deb12u2 <none>
2025-05-22 17:03:28 status unpacked libde265-0:amd64 1.0.11-1+deb12u2
2025-05-22 17:03:28 status half-configured libde265-0:amd64 1.0.11-1+deb12u2
2025-05-22 17:03:28 status installed libde265-0:amd64 1.0.11-1+deb12u2
2025-05-22 17:03:28 configure libc-dev-bin:amd64 2.36-9+deb12u10 <none>
2025-05-22 17:03:28 status unpacked libc-dev-bin:amd64 2.36-9+deb12u10
2025-05-22 17:03:28 status half-configured libc-dev-bin:amd64 2.36-9+deb12u10
2025-05-22 17:03:28 status installed libc-dev-bin:amd64 2.36-9+deb12u10
2025-05-22 17:03:28 configure libbsd0:amd64 0.11.7-2 <none>
2025-05-22 17:03:28 status unpacked libbsd0:amd64 0.11.7-2
2025-05-22 17:03:28 status half-configured libbsd0:amd64 0.11.7-2
2025-05-22 17:03:28 status installed libbsd0:amd64 0.11.7-2
2025-05-22 17:03:28 configure libyuv0:amd64 0.0~git20230123.b2528b0-1 <none>
2025-05-22 17:03:28 status unpacked libyuv0:amd64 0.0~git20230123.b2528b0-1
2025-05-22 17:03:28 status half-configured libyuv0:amd64 0.0~git20230123.b2528b0-1
2025-05-22 17:03:28 status installed libyuv0:amd64 0.0~git20230123.b2528b0-1
2025-05-22 17:03:28 configure libc++abi-14-dev:amd64 1:14.0.6-12 <none>
2025-05-22 17:03:28 status unpacked libc++abi-14-dev:amd64 1:14.0.6-12
2025-05-22 17:03:28 status half-configured libc++abi-14-dev:amd64 1:14.0.6-12
2025-05-22 17:03:28 status installed libc++abi-14-dev:amd64 1:14.0.6-12
2025-05-22 17:03:28 configure libxml2:amd64 2.9.14+dfsg-1.3~deb12u1 <none>
2025-05-22 17:03:28 status unpacked libxml2:amd64 2.9.14+dfsg-1.3~deb12u1
2025-05-22 17:03:28 status half-configured libxml2:amd64 2.9.14+dfsg-1.3~deb12u1
2025-05-22 17:03:28 status installed libxml2:amd64 2.9.14+dfsg-1.3~deb12u1
2025-05-22 17:03:28 configure liblsan0:amd64 12.2.0-14+deb12u1 <none>
2025-05-22 17:03:28 status unpacked liblsan0:amd64 12.2.0-14+deb12u1
2025-05-22 17:03:28 status half-configured liblsan0:amd64 12.2.0-14+deb12u1
2025-05-22 17:03:28 status installed liblsan0:amd64 12.2.0-14+deb12u1
2025-05-22 17:03:28 configure libc++abi-dev:amd64 1:14.0-55.7~deb12u1 <none>
2025-05-22 17:03:28 status unpacked libc++abi-dev:amd64 1:14.0-55.7~deb12u1
2025-05-22 17:03:28 status half-configured libc++abi-dev:amd64 1:14.0-55.7~deb12u1
2025-05-22 17:03:28 status installed libc++abi-dev:amd64 1:14.0-55.7~deb12u1
2025-05-22 17:03:28 configure libitm1:amd64 12.2.0-14+deb12u1 <none>
2025-05-22 17:03:28 status unpacked libitm1:amd64 12.2.0-14+deb12u1
2025-05-22 17:03:28 status half-configured libitm1:amd64 12.2.0-14+deb12u1
2025-05-22 17:03:28 status installed libitm1:amd64 12.2.0-14+deb12u1
2025-05-22 17:03:28 configure libwayland-client0:amd64 1.21.0-1 <none>
2025-05-22 17:03:28 status unpacked libwayland-client0:amd64 1.21.0-1
2025-05-22 17:03:28 status half-configured libwayland-client0:amd64 1.21.0-1
2025-05-22 17:03:28 status installed libwayland-client0:amd64 1.21.0-1
2025-05-22 17:03:28 configure manpages-dev:all 6.03-2 <none>
2025-05-22 17:03:28 status unpacked manpages-dev:all 6.03-2
2025-05-22 17:03:28 status half-configured manpages-dev:all 6.03-2
2025-05-22 17:03:28 status installed manpages-dev:all 6.03-2
2025-05-22 17:03:28 configure libxdmcp6:amd64 1:1.1.2-3 <none>
2025-05-22 17:03:28 status unpacked libxdmcp6:amd64 1:1.1.2-3
2025-05-22 17:03:28 status half-configured libxdmcp6:amd64 1:1.1.2-3
2025-05-22 17:03:28 status installed libxdmcp6:amd64 1:1.1.2-3
2025-05-22 17:03:28 configure libxcb1:amd64 1.15-1 <none>
2025-05-22 17:03:28 status unpacked libxcb1:amd64 1.15-1
2025-05-22 17:03:28 status half-configured libxcb1:amd64 1.15-1
2025-05-22 17:03:28 status installed libxcb1:amd64 1.15-1
2025-05-22 17:03:28 configure libavif15:amd64 0.11.1-1 <none>
2025-05-22 17:03:28 status unpacked libavif15:amd64 0.11.1-1
2025-05-22 17:03:28 status half-configured libavif15:amd64 0.11.1-1
2025-05-22 17:03:28 status installed libavif15:amd64 0.11.1-1
2025-05-22 17:03:28 configure fontconfig-config:amd64 2.14.1-4 <none>
2025-05-22 17:03:28 status unpacked fontconfig-config:amd64 2.14.1-4
2025-05-22 17:03:28 status half-configured fontconfig-config:amd64 2.14.1-4
2025-05-22 17:03:29 status installed fontconfig-config:amd64 2.14.1-4
2025-05-22 17:03:29 configure libc++1-14:amd64 1:14.0.6-12 <none>
2025-05-22 17:03:29 status unpacked libc++1-14:amd64 1:14.0.6-12
2025-05-22 17:03:29 status half-configured libc++1-14:amd64 1:14.0.6-12
2025-05-22 17:03:29 status installed libc++1-14:amd64 1:14.0.6-12
2025-05-22 17:03:29 configure libc++-14-dev:amd64 1:14.0.6-12 <none>
2025-05-22 17:03:29 status unpacked libc++-14-dev:amd64 1:14.0.6-12
2025-05-22 17:03:29 status half-configured libc++-14-dev:amd64 1:14.0.6-12
2025-05-22 17:03:29 status installed libc++-14-dev:amd64 1:14.0.6-12
2025-05-22 17:03:29 configure libwayland-bin:amd64 1.21.0-1 <none>
2025-05-22 17:03:29 status unpacked libwayland-bin:amd64 1.21.0-1
2025-05-22 17:03:29 status half-configured libwayland-bin:amd64 1.21.0-1
2025-05-22 17:03:29 status installed libwayland-bin:amd64 1.21.0-1
2025-05-22 17:03:29 configure libfreetype6:amd64 2.12.1+dfsg-5+deb12u4 <none>
2025-05-22 17:03:29 status unpacked libfreetype6:amd64 2.12.1+dfsg-5+deb12u4
2025-05-22 17:03:29 status half-configured libfreetype6:amd64 2.12.1+dfsg-5+deb12u4
2025-05-22 17:03:29 status installed libfreetype6:amd64 2.12.1+dfsg-5+deb12u4
2025-05-22 17:03:29 configure libgcc-12-dev:amd64 12.2.0-14+deb12u1 <none>
2025-05-22 17:03:29 status unpacked libgcc-12-dev:amd64 12.2.0-14+deb12u1
2025-05-22 17:03:29 status half-configured libgcc-12-dev:amd64 12.2.0-14+deb12u1
2025-05-22 17:03:29 status installed libgcc-12-dev:amd64 12.2.0-14+deb12u1
2025-05-22 17:03:29 configure libgssapi-krb5-2:amd64 1.20.1-2+deb12u3 <none>
2025-05-22 17:03:29 status unpacked libgssapi-krb5-2:amd64 1.20.1-2+deb12u3
2025-05-22 17:03:29 status half-configured libgssapi-krb5-2:amd64 1.20.1-2+deb12u3
2025-05-22 17:03:29 status installed libgssapi-krb5-2:amd64 1.20.1-2+deb12u3
2025-05-22 17:03:29 configure libx265-199:amd64 3.5-2+b1 <none>
2025-05-22 17:03:29 status unpacked libx265-199:amd64 3.5-2+b1
2025-05-22 17:03:29 status half-configured libx265-199:amd64 3.5-2+b1
2025-05-22 17:03:29 status installed libx265-199:amd64 3.5-2+b1
2025-05-22 17:03:29 configure libwayland-cursor0:amd64 1.21.0-1 <none>
2025-05-22 17:03:29 status unpacked libwayland-cursor0:amd64 1.21.0-1
2025-05-22 17:03:29 status half-configured libwayland-cursor0:amd64 1.21.0-1
2025-05-22 17:03:29 status installed libwayland-cursor0:amd64 1.21.0-1
2025-05-22 17:03:29 configure libx11-6:amd64 2:1.8.4-2+deb12u2 <none>
2025-05-22 17:03:29 status unpacked libx11-6:amd64 2:1.8.4-2+deb12u2
2025-05-22 17:03:29 status half-configured libx11-6:amd64 2:1.8.4-2+deb12u2
2025-05-22 17:03:29 status installed libx11-6:amd64 2:1.8.4-2+deb12u2
2025-05-22 17:03:29 configure libfontconfig1:amd64 2.14.1-4 <none>
2025-05-22 17:03:29 status unpacked libfontconfig1:amd64 2.14.1-4
2025-05-22 17:03:29 status half-configured libfontconfig1:amd64 2.14.1-4
2025-05-22 17:03:29 status installed libfontconfig1:amd64 2.14.1-4
2025-05-22 17:03:29 configure libc++-dev:amd64 1:14.0-55.7~deb12u1 <none>
2025-05-22 17:03:29 status unpacked libc++-dev:amd64 1:14.0-55.7~deb12u1
2025-05-22 17:03:29 status half-configured libc++-dev:amd64 1:14.0-55.7~deb12u1
2025-05-22 17:03:29 status installed libc++-dev:amd64 1:14.0-55.7~deb12u1
2025-05-22 17:03:29 configure libtirpc3:amd64 1.3.3+ds-1 <none>
2025-05-22 17:03:29 status unpacked libtirpc3:amd64 1.3.3+ds-1
2025-05-22 17:03:29 status half-configured libtirpc3:amd64 1.3.3+ds-1
2025-05-22 17:03:29 status installed libtirpc3:amd64 1.3.3+ds-1
2025-05-22 17:03:29 configure libxpm4:amd64 1:3.5.12-1.1+deb12u1 <none>
2025-05-22 17:03:29 status unpacked libxpm4:amd64 1:3.5.12-1.1+deb12u1
2025-05-22 17:03:29 status half-configured libxpm4:amd64 1:3.5.12-1.1+deb12u1
2025-05-22 17:03:29 status installed libxpm4:amd64 1:3.5.12-1.1+deb12u1
2025-05-22 17:03:29 configure libheif1:amd64 1.15.1-1+deb12u1 <none>
2025-05-22 17:03:29 status unpacked libheif1:amd64 1.15.1-1+deb12u1
2025-05-22 17:03:29 status half-configured libheif1:amd64 1.15.1-1+deb12u1
2025-05-22 17:03:29 status installed libheif1:amd64 1.15.1-1+deb12u1
2025-05-22 17:03:29 configure libwayland-dev:amd64 1.21.0-1 <none>
2025-05-22 17:03:29 status unpacked libwayland-dev:amd64 1.21.0-1
2025-05-22 17:03:29 status half-configured libwayland-dev:amd64 1.21.0-1
2025-05-22 17:03:29 status installed libwayland-dev:amd64 1.21.0-1
2025-05-22 17:03:29 configure libtirpc-dev:amd64 1.3.3+ds-1 <none>
2025-05-22 17:03:29 status unpacked libtirpc-dev:amd64 1.3.3+ds-1
2025-05-22 17:03:29 status half-configured libtirpc-dev:amd64 1.3.3+ds-1
2025-05-22 17:03:29 status installed libtirpc-dev:amd64 1.3.3+ds-1
2025-05-22 17:03:29 configure libgd3:amd64 2.3.3-9 <none>
2025-05-22 17:03:29 status unpacked libgd3:amd64 2.3.3-9
2025-05-22 17:03:29 status half-configured libgd3:amd64 2.3.3-9
2025-05-22 17:03:29 status installed libgd3:amd64 2.3.3-9
2025-05-22 17:03:29 configure libnsl2:amd64 1.3.0-2 <none>
2025-05-22 17:03:29 status unpacked libnsl2:amd64 1.3.0-2
2025-05-22 17:03:29 status half-configured libnsl2:amd64 1.3.0-2
2025-05-22 17:03:29 status installed libnsl2:amd64 1.3.0-2
2025-05-22 17:03:29 configure libc-devtools:amd64 2.36-9+deb12u10 <none>
2025-05-22 17:03:29 status unpacked libc-devtools:amd64 2.36-9+deb12u10
2025-05-22 17:03:29 status half-configured libc-devtools:amd64 2.36-9+deb12u10
2025-05-22 17:03:29 status installed libc-devtools:amd64 2.36-9+deb12u10
2025-05-22 17:03:29 configure libnsl-dev:amd64 1.3.0-2 <none>
2025-05-22 17:03:29 status unpacked libnsl-dev:amd64 1.3.0-2
2025-05-22 17:03:29 status half-configured libnsl-dev:amd64 1.3.0-2
2025-05-22 17:03:29 status installed libnsl-dev:amd64 1.3.0-2
2025-05-22 17:03:29 configure libc6-dev:amd64 2.36-9+deb12u10 <none>
2025-05-22 17:03:29 status unpacked libc6-dev:amd64 2.36-9+deb12u10
2025-05-22 17:03:29 status half-configured libc6-dev:amd64 2.36-9+deb12u10
2025-05-22 17:03:29 status installed libc6-dev:amd64 2.36-9+deb12u10
2025-05-22 17:03:29 configure libstdc++-12-dev:amd64 12.2.0-14+deb12u1 <none>
2025-05-22 17:03:29 status unpacked libstdc++-12-dev:amd64 12.2.0-14+deb12u1
2025-05-22 17:03:29 status half-configured libstdc++-12-dev:amd64 12.2.0-14+deb12u1
2025-05-22 17:03:29 status installed libstdc++-12-dev:amd64 12.2.0-14+deb12u1
2025-05-22 17:03:29 trigproc libc-bin:amd64 2.36-9+deb12u10 <none>
2025-05-22 17:03:29 status half-configured libc-bin:amd64 2.36-9+deb12u10
2025-05-22 17:03:29 status installed libc-bin:amd64 2.36-9+deb12u10
